# JRE version: OpenJDK Runtime Environment Temurin-17.0.2+8 (17.0.2+8) (build 17.0.2+8)
# Java VM: OpenJDK 64-Bit Server VM Temurin-17.0.2+8 (17.0.2+8, mixed mode, sharing, tiered, compressed oops, compressed class ptrs, g1 gc, windows-amd64)
GC Precious Log:
 CPUs: 8 total, 8 available
 Memory: 16107M
 Large Page Support: Disabled
 NUMA Support: Disabled
 Compressed Oops: Enabled (32-bit)
 Heap Region Size: 1M
 Heap Min Capacity: 8M
 Heap Initial Capacity: 252M
 Heap Max Capacity: 2G
 Pre-touch: Disabled
 Parallel Workers: 8
 Concurrent Workers: 2
 Concurrent Refinement Workers: 8
 Periodic GC: Disabled
Heap:
 garbage-first heap   total 101376K, used 55280K [0x0000000080000000, 0x0000000100000000)
  region size 1024K, 9 young (9216K), 4 survivors (4096K)
 Metaspace       used 61013K, committed 61632K, reserved 479232K
  class space    used 8433K, committed 8704K, reserved 421888K
GC Heap History (20 events):
Event: 6.962 GC heap before
{Heap before GC invocations=8 (full 0):
 garbage-first heap   total 78848K, used 35643K [0x0000000080000000, 0x0000000100000000)
  region size 1024K, 7 young (7168K), 3 survivors (3072K)
 Metaspace       used 35649K, committed 36096K, reserved 454656K
  class space    used 4902K, committed 5120K, reserved 421888K
}
Event: 6.964 GC heap after
{Heap after GC invocations=9 (full 0):
 garbage-first heap   total 78848K, used 32529K [0x0000000080000000, 0x0000000100000000)
  region size 1024K, 3 young (3072K), 3 survivors (3072K)
 Metaspace       used 35649K, committed 36096K, reserved 454656K
  class space    used 4902K, committed 5120K, reserved 421888K
}
Event: 7.293 GC heap before
{Heap before GC invocations=10 (full 0):
 garbage-first heap   total 78848K, used 59153K [0x0000000080000000, 0x0000000100000000)
  region size 1024K, 29 young (29696K), 3 survivors (3072K)
 Metaspace       used 38425K, committed 38976K, reserved 462848K
  class space    used 5383K, committed 5632K, reserved 421888K
}
Event: 7.296 GC heap after
{Heap after GC invocations=11 (full 0):
 garbage-first heap   total 78848K, used 34531K [0x0000000080000000, 0x0000000100000000)
  region size 1024K, 3 young (3072K), 3 survivors (3072K)
 Metaspace       used 38425K, committed 38976K, reserved 462848K
  class space    used 5383K, committed 5632K, reserved 421888K
}
Event: 7.685 GC heap before
{Heap before GC invocations=11 (full 0):
 garbage-first heap   total 78848K, used 60131K [0x0000000080000000, 0x0000000100000000)
  region size 1024K, 28 young (28672K), 3 survivors (3072K)
 Metaspace       used 41438K, committed 41984K, reserved 462848K
  class space    used 5811K, committed 6080K, reserved 421888K
}
Event: 7.687 GC heap after
{Heap after GC invocations=12 (full 0):
 garbage-first heap   total 78848K, used 35915K [0x0000000080000000, 0x0000000100000000)
  region size 1024K, 4 young (4096K), 4 survivors (4096K)
 Metaspace       used 41438K, committed 41984K, reserved 462848K
  class space    used 5811K, committed 6080K, reserved 421888K
}
Event: 8.220 GC heap before
{Heap before GC invocations=12 (full 0):
 garbage-first heap   total 78848K, used 60491K [0x0000000080000000, 0x0000000100000000)
  region size 1024K, 29 young (29696K), 4 survivors (4096K)
 Metaspace       used 47852K, committed 48320K, reserved 471040K
  class space    used 6606K, committed 6848K, reserved 421888K
}
Event: 8.224 GC heap after
{Heap after GC invocations=13 (full 0):
 garbage-first heap   total 78848K, used 38866K [0x0000000080000000, 0x0000000100000000)
  region size 1024K, 4 young (4096K), 4 survivors (4096K)
 Metaspace       used 47852K, committed 48320K, reserved 471040K
  class space    used 6606K, committed 6848K, reserved 421888K
}
Event: 8.298 GC heap before
{Heap before GC invocations=13 (full 0):
 garbage-first heap   total 78848K, used 40914K [0x0000000080000000, 0x0000000100000000)
  region size 1024K, 8 young (8192K), 4 survivors (4096K)
 Metaspace       used 47950K, committed 48512K, reserved 471040K
  class space    used 6607K, committed 6848K, reserved 421888K
}
Event: 8.301 GC heap after
{Heap after GC invocations=14 (full 0):
 garbage-first heap   total 78848K, used 39557K [0x0000000080000000, 0x0000000100000000)
  region size 1024K, 1 young (1024K), 1 survivors (1024K)
 Metaspace       used 47950K, committed 48512K, reserved 471040K
  class space    used 6607K, committed 6848K, reserved 421888K
}
Event: 8.369 GC heap before
{Heap before GC invocations=15 (full 0):
 garbage-first heap   total 78848K, used 41605K [0x0000000080000000, 0x0000000100000000)
  region size 1024K, 4 young (4096K), 1 survivors (1024K)
 Metaspace       used 48256K, committed 48832K, reserved 471040K
  class space    used 6642K, committed 6912K, reserved 421888K
}
Event: 8.370 GC heap after
{Heap after GC invocations=16 (full 0):
 garbage-first heap   total 78848K, used 41012K [0x0000000080000000, 0x0000000100000000)
  region size 1024K, 2 young (2048K), 2 survivors (2048K)
 Metaspace       used 48256K, committed 48832K, reserved 471040K
  class space    used 6642K, committed 6912K, reserved 421888K
}
Event: 8.667 GC heap before
{Heap before GC invocations=17 (full 0):
 garbage-first heap   total 78848K, used 65588K [0x0000000080000000, 0x0000000100000000)
  region size 1024K, 23 young (23552K), 2 survivors (2048K)
 Metaspace       used 51431K, committed 52032K, reserved 471040K
  class space    used 7091K, committed 7360K, reserved 421888K
}
Event: 8.670 GC heap after
{Heap after GC invocations=18 (full 0):
 garbage-first heap   total 78848K, used 46259K [0x0000000080000000, 0x0000000100000000)
  region size 1024K, 3 young (3072K), 3 survivors (3072K)
 Metaspace       used 51431K, committed 52032K, reserved 471040K
  class space    used 7091K, committed 7360K, reserved 421888K
}
Event: 8.887 GC heap before
{Heap before GC invocations=18 (full 0):
 garbage-first heap   total 78848K, used 63667K [0x0000000080000000, 0x0000000100000000)
  region size 1024K, 20 young (20480K), 3 survivors (3072K)
 Metaspace       used 53257K, committed 53824K, reserved 471040K
  class space    used 7374K, committed 7616K, reserved 421888K
}
Event: 8.889 GC heap after
{Heap after GC invocations=19 (full 0):
 garbage-first heap   total 78848K, used 47349K [0x0000000080000000, 0x0000000100000000)
  region size 1024K, 1 young (1024K), 1 survivors (1024K)
 Metaspace       used 53257K, committed 53824K, reserved 471040K
  class space    used 7374K, committed 7616K, reserved 421888K
}
Event: 9.091 GC heap before
{Heap before GC invocations=20 (full 0):
 garbage-first heap   total 83968K, used 63733K [0x0000000080000000, 0x0000000100000000)
  region size 1024K, 18 young (18432K), 1 survivors (1024K)
 Metaspace       used 55177K, committed 55680K, reserved 471040K
  class space    used 7643K, committed 7872K, reserved 421888K
}
Event: 9.093 GC heap after
{Heap after GC invocations=21 (full 0):
 garbage-first heap   total 101376K, used 48140K [0x0000000080000000, 0x0000000100000000)
  region size 1024K, 2 young (2048K), 2 survivors (2048K)
 Metaspace       used 55177K, committed 55680K, reserved 471040K
  class space    used 7643K, committed 7872K, reserved 421888K
}
Event: 9.396 GC heap before
{Heap before GC invocations=21 (full 0):
 garbage-first heap   total 101376K, used 76812K [0x0000000080000000, 0x0000000100000000)
  region size 1024K, 31 young (31744K), 2 survivors (2048K)
 Metaspace       used 58720K, committed 59328K, reserved 479232K
  class space    used 8105K, committed 8384K, reserved 421888K
}
Event: 9.398 GC heap after
{Heap after GC invocations=22 (full 0):
 garbage-first heap   total 101376K, used 49442K [0x0000000080000000, 0x0000000100000000)
  region size 1024K, 4 young (4096K), 4 survivors (4096K)
 Metaspace       used 58720K, committed 59328K, reserved 479232K
  class space    used 8105K, committed 8384K, reserved 421888K
}

